Fri Dec 01 12:05:50 EST 2023 : Peer 1003 attemps a connection to Peer 1002.

Fri Dec 01 12:05:50 EST 2023 : Peer 1003 attemps a connection to Peer 1001.

Fri Dec 01 12:05:50 EST 2023 : Peer 1003 received the 'interested' message from Peer 1001.Fri Dec 01 12:05:50 EST 2023 : Peer 1003 received the 'interested' message from Peer 1002.



Fri Dec 01 12:05:51 EST 2023 : Peer 1003 received the 'not interested' message from Peer 1002.

Fri Dec 01 12:05:51 EST 2023 : Peer 1003 received the 'have' message from Peer 1002 for the piece 47.

Fri Dec 01 12:05:51 EST 2023 : Peer 1003 received the 'have' message from Peer 1002 for the piece 9.

Fri Dec 01 12:05:51 EST 2023 : Peer 1003 received the 'have' message from Peer 1002 for the piece 99.

Fri Dec 01 12:05:51 EST 2023 : Peer 1003 received the 'have' message from Peer 1002 for the piece 53.

Fri Dec 01 12:05:51 EST 2023 : Peer 1003 received the 'have' message from Peer 1002 for the piece 71.

Fri Dec 01 12:05:51 EST 2023 : Peer 1003 received the 'have' message from Peer 1002 for the piece 107.

Fri Dec 01 12:05:51 EST 2023 : Peer 1003 received the 'have' message from Peer 1002 for the piece 1.

Fri Dec 01 12:05:51 EST 2023 : Peer 1003 received the 'have' message from Peer 1002 for the piece 24.

Fri Dec 01 12:05:51 EST 2023 : Peer 1003 received the 'have' message from Peer 1002 for the piece 82.

Fri Dec 01 12:05:51 EST 2023 : Peer 1003 received the 'have' message from Peer 1002 for the piece 48.

Fri Dec 01 12:05:51 EST 2023 : Peer 1003 received the 'have' message from Peer 1002 for the piece 44.

Fri Dec 01 12:05:51 EST 2023 : Peer 1003 received the 'have' message from Peer 1002 for the piece 18.

Fri Dec 01 12:05:51 EST 2023 : Peer 1003 received the 'have' message from Peer 1002 for the piece 42.

Fri Dec 01 12:05:51 EST 2023 : Peer 1003 received the 'have' message from Peer 1002 for the piece 76.

Fri Dec 01 12:05:51 EST 2023 : Peer 1003 received the 'have' message from Peer 1002 for the piece 40.

Fri Dec 01 12:05:51 EST 2023 : Peer 1003 received the 'have' message from Peer 1002 for the piece 55.

Fri Dec 01 12:05:51 EST 2023 : Peer 1003 received the 'have' message from Peer 1002 for the piece 117.

Fri Dec 01 12:05:51 EST 2023 : Peer 1003 received the 'have' message from Peer 1002 for the piece 30.

Fri Dec 01 12:05:51 EST 2023 : Peer 1003 received the 'have' message from Peer 1002 for the piece 131.

Fri Dec 01 12:05:51 EST 2023 : Peer 1003 received the 'have' message from Peer 1002 for the piece 35.

Fri Dec 01 12:05:51 EST 2023 : Peer 1003 received the 'have' message from Peer 1002 for the piece 6.

Fri Dec 01 12:05:51 EST 2023 : Peer 1003 received the 'have' message from Peer 1002 for the piece 90.

Fri Dec 01 12:05:51 EST 2023 : Peer 1003 received the 'have' message from Peer 1002 for the piece 83.

Fri Dec 01 12:05:51 EST 2023 : Peer 1003 received the 'have' message from Peer 1002 for the piece 12.

Fri Dec 01 12:05:51 EST 2023 : Peer 1003 received the 'have' message from Peer 1002 for the piece 27.

Fri Dec 01 12:05:51 EST 2023 : Peer 1003 received the 'have' message from Peer 1002 for the piece 130.

Fri Dec 01 12:05:51 EST 2023 : Peer 1003 received the 'have' message from Peer 1002 for the piece 114.

Fri Dec 01 12:05:51 EST 2023 : Peer 1003 received the 'have' message from Peer 1002 for the piece 126.

Fri Dec 01 12:05:51 EST 2023 : Peer 1003 received the 'have' message from Peer 1002 for the piece 67.

Fri Dec 01 12:05:51 EST 2023 : Peer 1003 received the 'have' message from Peer 1002 for the piece 57.

Fri Dec 01 12:05:51 EST 2023 : Peer 1003 received the 'have' message from Peer 1002 for the piece 104.

Fri Dec 01 12:05:51 EST 2023 : Peer 1003 received the 'have' message from Peer 1002 for the piece 2.

Fri Dec 01 12:05:51 EST 2023 : Peer 1003 received the 'have' message from Peer 1002 for the piece 95.

Fri Dec 01 12:05:51 EST 2023 : Peer 1003 received the 'have' message from Peer 1002 for the piece 102.

Fri Dec 01 12:05:51 EST 2023 : Peer 1003 received the 'have' message from Peer 1002 for the piece 101.

Fri Dec 01 12:05:51 EST 2023 : Peer 1003 received the 'have' message from Peer 1002 for the piece 63.

Fri Dec 01 12:05:51 EST 2023 : Peer 1003 received the 'have' message from Peer 1002 for the piece 32.

Fri Dec 01 12:05:51 EST 2023 : Peer 1003 received the 'have' message from Peer 1002 for the piece 46.

Fri Dec 01 12:05:51 EST 2023 : Peer 1003 received the 'have' message from Peer 1002 for the piece 29.

Fri Dec 01 12:05:51 EST 2023 : Peer 1003 received the 'have' message from Peer 1002 for the piece 91.

Fri Dec 01 12:05:51 EST 2023 : Peer 1003 received the 'not interested' message from Peer 1001.

Fri Dec 01 12:05:51 EST 2023 : Peer 1003 received the 'have' message from Peer 1001 for the piece 78.

Fri Dec 01 12:05:51 EST 2023 : Peer 1003 received the 'have' message from Peer 1001 for the piece 5.

Fri Dec 01 12:05:51 EST 2023 : Peer 1003 received the 'have' message from Peer 1001 for the piece 101.

Fri Dec 01 12:05:51 EST 2023 : Peer 1003 received the 'have' message from Peer 1001 for the piece 79.

Fri Dec 01 12:05:51 EST 2023 : Peer 1003 received the 'have' message from Peer 1001 for the piece 27.

Fri Dec 01 12:05:51 EST 2023 : Peer 1003 received the 'have' message from Peer 1001 for the piece 48.

Fri Dec 01 12:05:51 EST 2023 : Peer 1003 received the 'have' message from Peer 1001 for the piece 0.

Fri Dec 01 12:05:51 EST 2023 : Peer 1003 received the 'have' message from Peer 1001 for the piece 131.

Fri Dec 01 12:05:51 EST 2023 : Peer 1003 received the 'have' message from Peer 1001 for the piece 96.

Fri Dec 01 12:05:51 EST 2023 : Peer 1003 received the 'have' message from Peer 1001 for the piece 29.

Fri Dec 01 12:05:51 EST 2023 : Peer 1003 received the 'have' message from Peer 1001 for the piece 37.

Fri Dec 01 12:05:51 EST 2023 : Peer 1003 received the 'have' message from Peer 1001 for the piece 95.

Fri Dec 01 12:05:51 EST 2023 : Peer 1003 received the 'have' message from Peer 1001 for the piece 35.

Fri Dec 01 12:05:51 EST 2023 : Peer 1003 received the 'have' message from Peer 1001 for the piece 6.

Fri Dec 01 12:05:51 EST 2023 : Peer 1003 received the 'have' message from Peer 1001 for the piece 43.

Fri Dec 01 12:05:51 EST 2023 : Peer 1003 received the 'have' message from Peer 1001 for the piece 57.

Fri Dec 01 12:05:51 EST 2023 : Peer 1003 received the 'have' message from Peer 1001 for the piece 2.

Fri Dec 01 12:05:51 EST 2023 : Peer 1003 received the 'have' message from Peer 1001 for the piece 12.

Fri Dec 01 12:05:51 EST 2023 : Peer 1003 received the 'have' message from Peer 1001 for the piece 55.

Fri Dec 01 12:05:51 EST 2023 : Peer 1003 received the 'have' message from Peer 1001 for the piece 104.

Fri Dec 01 12:05:51 EST 2023 : Peer 1003 received the 'have' message from Peer 1001 for the piece 75.

Fri Dec 01 12:05:51 EST 2023 : Peer 1003 received the 'have' message from Peer 1001 for the piece 126.

Fri Dec 01 12:05:51 EST 2023 : Peer 1003 received the 'have' message from Peer 1001 for the piece 102.

Fri Dec 01 12:05:51 EST 2023 : Peer 1003 received the 'have' message from Peer 1001 for the piece 76.

Fri Dec 01 12:05:51 EST 2023 : Peer 1003 received the 'have' message from Peer 1001 for the piece 8.

Fri Dec 01 12:05:51 EST 2023 : Peer 1003 received the 'have' message from Peer 1001 for the piece 25.

Fri Dec 01 12:05:51 EST 2023 : Peer 1003 received the 'have' message from Peer 1001 for the piece 63.

Fri Dec 01 12:05:51 EST 2023 : Peer 1003 received the 'have' message from Peer 1001 for the piece 24.

Fri Dec 01 12:05:51 EST 2023 : Peer 1003 received the 'have' message from Peer 1001 for the piece 22.

Fri Dec 01 12:05:51 EST 2023 : Peer 1003 received the 'have' message from Peer 1001 for the piece 32.

Fri Dec 01 12:05:51 EST 2023 : Peer 1003 received the 'have' message from Peer 1001 for the piece 60.

Fri Dec 01 12:05:51 EST 2023 : Peer 1003 has downloaded the complete file.

