Fri Dec 01 12:05:48 EST 2023 : Peer 1002 attemps a connection to Peer 1001.

Fri Dec 01 12:05:48 EST 2023 : Peer 1002 received the 'not interested' message from Peer 1001.

Fri Dec 01 12:05:50 EST 2023 : Peer 1002 is connected succesfully to 1003.

Fri Dec 01 12:05:50 EST 2023 : Peer 1002 received the 'not interested' message from Peer 1003.

Fri Dec 01 12:05:50 EST 2023 : Peer 1002 has downloaded the piece 97 from Peer 1003.
Now  the number of pieces it has is 1

Fri Dec 01 12:05:50 EST 2023 : Peer 1002 received the 'have' message from Peer 1001 for the piece 81.

Fri Dec 01 12:05:50 EST 2023 : Peer 1002 received the 'interested' message from Peer 1001.

Fri Dec 01 12:05:50 EST 2023 : Peer 1002 has downloaded the piece 25 from Peer 1003.
Now  the number of pieces it has is 2

Fri Dec 01 12:05:50 EST 2023 : Peer 1002 has downloaded the piece 81 from Peer 1001.
Now  the number of pieces it has is 3

Fri Dec 01 12:05:50 EST 2023 : Peer 1002 received the 'have' message from Peer 1001 for the piece 34.

Fri Dec 01 12:05:50 EST 2023 : Peer 1002 has downloaded the piece 4 from Peer 1003.
Now  the number of pieces it has is 4

Fri Dec 01 12:05:50 EST 2023 : Peer 1002 received the 'not interested' message from Peer 1001.

Fri Dec 01 12:05:50 EST 2023 : Peer 1002 received the 'not interested' message from Peer 1001.

Fri Dec 01 12:05:50 EST 2023 : Peer 1002 received the 'interested' message from Peer 1001.

Fri Dec 01 12:05:50 EST 2023 : Peer 1002 has downloaded the piece 124 from Peer 1003.
Now  the number of pieces it has is 5

Fri Dec 01 12:05:50 EST 2023 : Peer 1002 has downloaded the piece 34 from Peer 1001.
Now  the number of pieces it has is 6

Fri Dec 01 12:05:50 EST 2023 : Peer 1002 received the 'have' message from Peer 1001 for the piece 97.

Fri Dec 01 12:05:50 EST 2023 : Peer 1002 received the 'have' message from Peer 1001 for the piece 38.

Fri Dec 01 12:05:50 EST 2023 : Peer 1002 has downloaded the piece 88 from Peer 1003.
Now  the number of pieces it has is 7

Fri Dec 01 12:05:50 EST 2023 : Peer 1002 has downloaded the piece 89 from Peer 1003.
Now  the number of pieces it has is 8

Fri Dec 01 12:05:50 EST 2023 : Peer 1002 received the 'not interested' message from Peer 1001.

Fri Dec 01 12:05:50 EST 2023 : Peer 1002 received the 'not interested' message from Peer 1001.

Fri Dec 01 12:05:50 EST 2023 : Peer 1002 received the 'interested' message from Peer 1001.

Fri Dec 01 12:05:50 EST 2023 : Peer 1002 received the 'interested' message from Peer 1001.

Fri Dec 01 12:05:50 EST 2023 : Peer 1002 has downloaded the piece 75 from Peer 1003.
Now  the number of pieces it has is 9

Fri Dec 01 12:05:50 EST 2023 : Peer 1002 has downloaded the piece 38 from Peer 1001.
Now  the number of pieces it has is 10

Fri Dec 01 12:05:50 EST 2023 : Peer 1002 received the 'have' message from Peer 1001 for the piece 69.

Fri Dec 01 12:05:50 EST 2023 : Peer 1002 received the 'have' message from Peer 1001 for the piece 122.

Fri Dec 01 12:05:50 EST 2023 : Peer 1002 received the 'have' message from Peer 1001 for the piece 7.

Fri Dec 01 12:05:50 EST 2023 : Peer 1002 received the 'have' message from Peer 1001 for the piece 4.

Fri Dec 01 12:05:50 EST 2023 : Peer 1002 has downloaded the piece 94 from Peer 1003.
Now  the number of pieces it has is 11

Fri Dec 01 12:05:50 EST 2023 : Peer 1002 received the 'have' message from Peer 1001 for the piece 123.

Fri Dec 01 12:05:50 EST 2023 : Peer 1002 received the 'have' message from Peer 1001 for the piece 124.

Fri Dec 01 12:05:50 EST 2023 : Peer 1002 has downloaded the piece 106 from Peer 1003.
Now  the number of pieces it has is 12

Fri Dec 01 12:05:50 EST 2023 : Peer 1002 received the 'not interested' message from Peer 1001.

Fri Dec 01 12:05:50 EST 2023 : Peer 1002 has downloaded the piece 3 from Peer 1003.
Now  the number of pieces it has is 13

Fri Dec 01 12:05:50 EST 2023 : Peer 1002 received the 'not interested' message from Peer 1001.

Fri Dec 01 12:05:50 EST 2023 : Peer 1002 received the 'interested' message from Peer 1001.

Fri Dec 01 12:05:50 EST 2023 : Peer 1002 received the 'interested' message from Peer 1001.

Fri Dec 01 12:05:50 EST 2023 : Peer 1002 received the 'interested' message from Peer 1001.

Fri Dec 01 12:05:50 EST 2023 : Peer 1002 received the 'have' message from Peer 1001 for the piece 64.

Fri Dec 01 12:05:50 EST 2023 : Peer 1002 received the 'have' message from Peer 1001 for the piece 89.

Fri Dec 01 12:05:50 EST 2023 : Peer 1002 received the 'have' message from Peer 1001 for the piece 108.

Fri Dec 01 12:05:50 EST 2023 : Peer 1002 has downloaded the piece 45 from Peer 1003.
Now  the number of pieces it has is 14

Fri Dec 01 12:05:50 EST 2023 : Peer 1002 has downloaded the piece 59 from Peer 1003.
Now  the number of pieces it has is 15

Fri Dec 01 12:05:50 EST 2023 : Peer 1002 has downloaded the piece 118 from Peer 1003.
Now  the number of pieces it has is 16

Fri Dec 01 12:05:50 EST 2023 : Peer 1002 received the 'not interested' message from Peer 1001.

Fri Dec 01 12:05:50 EST 2023 : Peer 1002 received the 'interested' message from Peer 1001.

Fri Dec 01 12:05:50 EST 2023 : Peer 1002 received the 'interested' message from Peer 1001.

Fri Dec 01 12:05:50 EST 2023 : Peer 1002 has downloaded the piece 103 from Peer 1003.
Now  the number of pieces it has is 17

Fri Dec 01 12:05:50 EST 2023 : Peer 1002 received the 'interested' message from Peer 1001.

Fri Dec 01 12:05:50 EST 2023 : Peer 1002 received the 'interested' message from Peer 1001.

Fri Dec 01 12:05:50 EST 2023 : Peer 1002 has downloaded the piece 17 from Peer 1003.
Now  the number of pieces it has is 18

Fri Dec 01 12:05:50 EST 2023 : Peer 1002 has downloaded the piece 69 from Peer 1001.
Now  the number of pieces it has is 19

Fri Dec 01 12:05:50 EST 2023 : Peer 1002 has downloaded the piece 41 from Peer 1003.
Now  the number of pieces it has is 20

Fri Dec 01 12:05:50 EST 2023 : Peer 1002 has downloaded the piece 108 from Peer 1001.
Now  the number of pieces it has is 21

Fri Dec 01 12:05:50 EST 2023 : Peer 1002 has downloaded the piece 122 from Peer 1001.
Now  the number of pieces it has is 22

Fri Dec 01 12:05:50 EST 2023 : Peer 1002 has downloaded the piece 80 from Peer 1003.
Now  the number of pieces it has is 23

Fri Dec 01 12:05:50 EST 2023 : Peer 1002 has downloaded the piece 64 from Peer 1001.
Now  the number of pieces it has is 24

Fri Dec 01 12:05:50 EST 2023 : Peer 1002 has downloaded the piece 21 from Peer 1003.
Now  the number of pieces it has is 25

Fri Dec 01 12:05:50 EST 2023 : Peer 1002 has downloaded the piece 123 from Peer 1001.
Now  the number of pieces it has is 26

Fri Dec 01 12:05:50 EST 2023 : Peer 1002 has downloaded the piece 66 from Peer 1003.
Now  the number of pieces it has is 27

Fri Dec 01 12:05:50 EST 2023 : Peer 1002 has downloaded the piece 7 from Peer 1001.
Now  the number of pieces it has is 28

Fri Dec 01 12:05:50 EST 2023 : Peer 1002 has downloaded the piece 23 from Peer 1003.
Now  the number of pieces it has is 29

Fri Dec 01 12:05:50 EST 2023 : Peer 1002 received the 'have' message from Peer 1001 for the piece 106.

Fri Dec 01 12:05:50 EST 2023 : Peer 1002 received the 'have' message from Peer 1001 for the piece 58.

Fri Dec 01 12:05:50 EST 2023 : Peer 1002 received the 'have' message from Peer 1001 for the piece 94.

Fri Dec 01 12:05:50 EST 2023 : Peer 1002 received the 'have' message from Peer 1001 for the piece 26.

Fri Dec 01 12:05:50 EST 2023 : Peer 1002 received the 'have' message from Peer 1001 for the piece 16.

Fri Dec 01 12:05:50 EST 2023 : Peer 1002 received the 'have' message from Peer 1001 for the piece 98.

Fri Dec 01 12:05:50 EST 2023 : Peer 1002 received the 'have' message from Peer 1001 for the piece 74.

Fri Dec 01 12:05:50 EST 2023 : Peer 1002 received the 'have' message from Peer 1001 for the piece 20.

Fri Dec 01 12:05:50 EST 2023 : Peer 1002 received the 'have' message from Peer 1001 for the piece 109.

Fri Dec 01 12:05:50 EST 2023 : Peer 1002 has downloaded the piece 129 from Peer 1003.
Now  the number of pieces it has is 30

Fri Dec 01 12:05:50 EST 2023 : Peer 1002 received the 'have' message from Peer 1001 for the piece 84.

Fri Dec 01 12:05:50 EST 2023 : Peer 1002 received the 'have' message from Peer 1001 for the piece 77.

Fri Dec 01 12:05:50 EST 2023 : Peer 1002 has downloaded the piece 51 from Peer 1003.
Now  the number of pieces it has is 31

Fri Dec 01 12:05:50 EST 2023 : Peer 1002 has downloaded the piece 84 from Peer 1003.
Now  the number of pieces it has is 32

Fri Dec 01 12:05:50 EST 2023 : Peer 1002 has downloaded the piece 11 from Peer 1003.
Now  the number of pieces it has is 33

Fri Dec 01 12:05:50 EST 2023 : Peer 1002 received the 'not interested' message from Peer 1001.

Fri Dec 01 12:05:50 EST 2023 : Peer 1002 received the 'not interested' message from Peer 1001.

Fri Dec 01 12:05:50 EST 2023 : Peer 1002 received the 'interested' message from Peer 1001.

Fri Dec 01 12:05:50 EST 2023 : Peer 1002 received the 'not interested' message from Peer 1001.

Fri Dec 01 12:05:50 EST 2023 : Peer 1002 received the 'not interested' message from Peer 1001.

Fri Dec 01 12:05:50 EST 2023 : Peer 1002 received the 'not interested' message from Peer 1001.

Fri Dec 01 12:05:50 EST 2023 : Peer 1002 received the 'interested' message from Peer 1001.

Fri Dec 01 12:05:50 EST 2023 : Peer 1002 received the 'interested' message from Peer 1001.

Fri Dec 01 12:05:50 EST 2023 : Peer 1002 has downloaded the piece 36 from Peer 1003.
Now  the number of pieces it has is 34

Fri Dec 01 12:05:50 EST 2023 : Peer 1002 received the 'interested' message from Peer 1001.

Fri Dec 01 12:05:50 EST 2023 : Peer 1002 received the 'not interested' message from Peer 1001.

Fri Dec 01 12:05:50 EST 2023 : Peer 1002 received the 'interested' message from Peer 1001.

Fri Dec 01 12:05:50 EST 2023 : Peer 1002 received the 'interested' message from Peer 1001.

Fri Dec 01 12:05:50 EST 2023 : Peer 1002 has downloaded the piece 115 from Peer 1003.
Now  the number of pieces it has is 35

Fri Dec 01 12:05:50 EST 2023 : Peer 1002 has downloaded the piece 20 from Peer 1001.
Now  the number of pieces it has is 36

Fri Dec 01 12:05:50 EST 2023 : Peer 1002 has downloaded the piece 93 from Peer 1003.
Now  the number of pieces it has is 37

Fri Dec 01 12:05:50 EST 2023 : Peer 1002 has downloaded the piece 98 from Peer 1001.
Now  the number of pieces it has is 38

Fri Dec 01 12:05:50 EST 2023 : Peer 1002 has downloaded the piece 8 from Peer 1003.
Now  the number of pieces it has is 39

Fri Dec 01 12:05:50 EST 2023 : Peer 1002 has downloaded the piece 16 from Peer 1001.
Now  the number of pieces it has is 40

Fri Dec 01 12:05:50 EST 2023 : Peer 1002 has downloaded the piece 50 from Peer 1003.
Now  the number of pieces it has is 41

Fri Dec 01 12:05:50 EST 2023 : Peer 1002 has downloaded the piece 109 from Peer 1001.
Now  the number of pieces it has is 42

Fri Dec 01 12:05:50 EST 2023 : Peer 1002 has downloaded the piece 70 from Peer 1003.
Now  the number of pieces it has is 43

Fri Dec 01 12:05:50 EST 2023 : Peer 1002 has downloaded the piece 58 from Peer 1001.
Now  the number of pieces it has is 44

Fri Dec 01 12:05:50 EST 2023 : Peer 1002 has downloaded the piece 96 from Peer 1003.
Now  the number of pieces it has is 45

Fri Dec 01 12:05:50 EST 2023 : Peer 1002 has downloaded the piece 77 from Peer 1001.
Now  the number of pieces it has is 46

Fri Dec 01 12:05:50 EST 2023 : Peer 1002 has downloaded the piece 112 from Peer 1003.
Now  the number of pieces it has is 47

Fri Dec 01 12:05:50 EST 2023 : Peer 1002 has downloaded the piece 74 from Peer 1001.
Now  the number of pieces it has is 48

Fri Dec 01 12:05:50 EST 2023 : Peer 1002 has downloaded the piece 92 from Peer 1003.
Now  the number of pieces it has is 49

Fri Dec 01 12:05:50 EST 2023 : Peer 1002 has downloaded the piece 26 from Peer 1001.
Now  the number of pieces it has is 50

Fri Dec 01 12:05:50 EST 2023 : Peer 1002 received the 'have' message from Peer 1001 for the piece 118.

Fri Dec 01 12:05:50 EST 2023 : Peer 1002 received the 'have' message from Peer 1001 for the piece 39.

Fri Dec 01 12:05:50 EST 2023 : Peer 1002 received the 'have' message from Peer 1001 for the piece 45.

Fri Dec 01 12:05:50 EST 2023 : Peer 1002 received the 'have' message from Peer 1001 for the piece 41.

Fri Dec 01 12:05:50 EST 2023 : Peer 1002 received the 'have' message from Peer 1001 for the piece 31.

Fri Dec 01 12:05:50 EST 2023 : Peer 1002 received the 'have' message from Peer 1001 for the piece 52.

Fri Dec 01 12:05:50 EST 2023 : Peer 1002 has downloaded the piece 120 from Peer 1003.
Now  the number of pieces it has is 51

Fri Dec 01 12:05:50 EST 2023 : Peer 1002 received the 'have' message from Peer 1001 for the piece 121.

Fri Dec 01 12:05:50 EST 2023 : Peer 1002 received the 'have' message from Peer 1001 for the piece 21.

Fri Dec 01 12:05:50 EST 2023 : Peer 1002 received the 'have' message from Peer 1001 for the piece 128.

Fri Dec 01 12:05:50 EST 2023 : Peer 1002 received the 'have' message from Peer 1001 for the piece 86.

Fri Dec 01 12:05:50 EST 2023 : Peer 1002 received the 'have' message from Peer 1001 for the piece 65.

Fri Dec 01 12:05:50 EST 2023 : Peer 1002 received the 'have' message from Peer 1001 for the piece 105.

Fri Dec 01 12:05:50 EST 2023 : Peer 1002 received the 'have' message from Peer 1001 for the piece 36.

Fri Dec 01 12:05:50 EST 2023 : Peer 1002 has downloaded the piece 78 from Peer 1003.
Now  the number of pieces it has is 52

Fri Dec 01 12:05:50 EST 2023 : Peer 1002 has downloaded the piece 110 from Peer 1003.
Now  the number of pieces it has is 53

Fri Dec 01 12:05:50 EST 2023 : Peer 1002 has downloaded the piece 100 from Peer 1003.
Now  the number of pieces it has is 54

Fri Dec 01 12:05:50 EST 2023 : Peer 1002 has downloaded the piece 72 from Peer 1003.
Now  the number of pieces it has is 55

Fri Dec 01 12:05:50 EST 2023 : Peer 1002 received the 'not interested' message from Peer 1001.

Fri Dec 01 12:05:50 EST 2023 : Peer 1002 received the 'interested' message from Peer 1001.

Fri Dec 01 12:05:50 EST 2023 : Peer 1002 has downloaded the piece 127 from Peer 1003.Fri Dec 01 12:05:50 EST 2023 : Peer 1002 received the 'not interested' message from Peer 1001.


Now  the number of pieces it has is 56

Fri Dec 01 12:05:50 EST 2023 : Peer 1002 received the 'interested' message from Peer 1001.

Fri Dec 01 12:05:50 EST 2023 : Peer 1002 received the 'not interested' message from Peer 1001.

Fri Dec 01 12:05:50 EST 2023 : Peer 1002 received the 'interested' message from Peer 1001.

Fri Dec 01 12:05:50 EST 2023 : Peer 1002 received the 'not interested' message from Peer 1001.

Fri Dec 01 12:05:50 EST 2023 : Peer 1002 received the 'interested' message from Peer 1001.

Fri Dec 01 12:05:50 EST 2023 : Peer 1002 received the 'not interested' message from Peer 1001.

Fri Dec 01 12:05:50 EST 2023 : Peer 1002 received the 'interested' message from Peer 1001.

Fri Dec 01 12:05:50 EST 2023 : Peer 1002 received the 'interested' message from Peer 1001.

Fri Dec 01 12:05:50 EST 2023 : Peer 1002 received the 'not interested' message from Peer 1001.

Fri Dec 01 12:05:50 EST 2023 : Peer 1002 has downloaded the piece 49 from Peer 1003.
Now  the number of pieces it has is 57

Fri Dec 01 12:05:50 EST 2023 : Peer 1002 received the 'interested' message from Peer 1001.

Fri Dec 01 12:05:50 EST 2023 : Peer 1002 received the 'interested' message from Peer 1001.

Fri Dec 01 12:05:50 EST 2023 : Peer 1002 received the 'interested' message from Peer 1001.

Fri Dec 01 12:05:50 EST 2023 : Peer 1002 received the 'not interested' message from Peer 1001.

Fri Dec 01 12:05:50 EST 2023 : Peer 1002 received the 'have' message from Peer 1001 for the piece 15.

Fri Dec 01 12:05:50 EST 2023 : Peer 1002 received the 'have' message from Peer 1001 for the piece 11.

Fri Dec 01 12:05:50 EST 2023 : Peer 1002 received the 'have' message from Peer 1001 for the piece 85.

Fri Dec 01 12:05:50 EST 2023 : Peer 1002 received the 'have' message from Peer 1001 for the piece 23.

Fri Dec 01 12:05:50 EST 2023 : Peer 1002 received the 'have' message from Peer 1001 for the piece 93.

Fri Dec 01 12:05:50 EST 2023 : Peer 1002 has downloaded the piece 73 from Peer 1003.
Now  the number of pieces it has is 58

Fri Dec 01 12:05:50 EST 2023 : Peer 1002 received the 'have' message from Peer 1001 for the piece 115.

Fri Dec 01 12:05:50 EST 2023 : Peer 1002 received the 'have' message from Peer 1001 for the piece 111.

Fri Dec 01 12:05:50 EST 2023 : Peer 1002 received the 'not interested' message from Peer 1001.

Fri Dec 01 12:05:50 EST 2023 : Peer 1002 has downloaded the piece 113 from Peer 1003.
Now  the number of pieces it has is 59

Fri Dec 01 12:05:50 EST 2023 : Peer 1002 has downloaded the piece 128 from Peer 1001.
Now  the number of pieces it has is 60

Fri Dec 01 12:05:50 EST 2023 : Peer 1002 has downloaded the piece 65 from Peer 1003.
Now  the number of pieces it has is 61

Fri Dec 01 12:05:50 EST 2023 : Peer 1002 has downloaded the piece 65 from Peer 1001.
Now  the number of pieces it has is 62

Fri Dec 01 12:05:51 EST 2023 : Peer 1002 has downloaded the piece 111 from Peer 1003.
Now  the number of pieces it has is 63

Fri Dec 01 12:05:51 EST 2023 : Peer 1002 has downloaded the piece 15 from Peer 1001.
Now  the number of pieces it has is 64

Fri Dec 01 12:05:51 EST 2023 : Peer 1002 has downloaded the piece 43 from Peer 1003.
Now  the number of pieces it has is 65

Fri Dec 01 12:05:51 EST 2023 : Peer 1002 has downloaded the piece 105 from Peer 1001.
Now  the number of pieces it has is 66

Fri Dec 01 12:05:51 EST 2023 : Peer 1002 has downloaded the piece 85 from Peer 1001.
Now  the number of pieces it has is 67

Fri Dec 01 12:05:51 EST 2023 : Peer 1002 has downloaded the piece 68 from Peer 1003.
Now  the number of pieces it has is 68

Fri Dec 01 12:05:51 EST 2023 : Peer 1002 has downloaded the piece 86 from Peer 1001.
Now  the number of pieces it has is 69

Fri Dec 01 12:05:51 EST 2023 : Peer 1002 has downloaded the piece 56 from Peer 1003.
Now  the number of pieces it has is 70

Fri Dec 01 12:05:51 EST 2023 : Peer 1002 has downloaded the piece 39 from Peer 1001.
Now  the number of pieces it has is 71

Fri Dec 01 12:05:51 EST 2023 : Peer 1002 has downloaded the piece 119 from Peer 1003.
Now  the number of pieces it has is 72

Fri Dec 01 12:05:51 EST 2023 : Peer 1002 has downloaded the piece 31 from Peer 1001.
Now  the number of pieces it has is 73

Fri Dec 01 12:05:51 EST 2023 : Peer 1002 has downloaded the piece 28 from Peer 1003.
Now  the number of pieces it has is 74

Fri Dec 01 12:05:51 EST 2023 : Peer 1002 has downloaded the piece 121 from Peer 1001.
Now  the number of pieces it has is 75

Fri Dec 01 12:05:51 EST 2023 : Peer 1002 has downloaded the piece 79 from Peer 1003.
Now  the number of pieces it has is 76

Fri Dec 01 12:05:51 EST 2023 : Peer 1002 has downloaded the piece 52 from Peer 1001.
Now  the number of pieces it has is 77

Fri Dec 01 12:05:51 EST 2023 : Peer 1002 has downloaded the piece 62 from Peer 1003.
Now  the number of pieces it has is 78

Fri Dec 01 12:05:51 EST 2023 : Peer 1002 received the 'have' message from Peer 1001 for the piece 68.

Fri Dec 01 12:05:51 EST 2023 : Peer 1002 received the 'have' message from Peer 1001 for the piece 54.

Fri Dec 01 12:05:51 EST 2023 : Peer 1002 received the 'have' message from Peer 1001 for the piece 13.

Fri Dec 01 12:05:51 EST 2023 : Peer 1002 received the 'have' message from Peer 1001 for the piece 19.

Fri Dec 01 12:05:51 EST 2023 : Peer 1002 received the 'have' message from Peer 1001 for the piece 14.

Fri Dec 01 12:05:51 EST 2023 : Peer 1002 received the 'have' message from Peer 1001 for the piece 125.

Fri Dec 01 12:05:51 EST 2023 : Peer 1002 received the 'have' message from Peer 1001 for the piece 100.

Fri Dec 01 12:05:51 EST 2023 : Peer 1002 received the 'have' message from Peer 1001 for the piece 132.

Fri Dec 01 12:05:51 EST 2023 : Peer 1002 received the 'have' message from Peer 1001 for the piece 61.

Fri Dec 01 12:05:51 EST 2023 : Peer 1002 has downloaded the piece 87 from Peer 1003.
Now  the number of pieces it has is 79

Fri Dec 01 12:05:51 EST 2023 : Peer 1002 received the 'have' message from Peer 1001 for the piece 10.

Fri Dec 01 12:05:51 EST 2023 : Peer 1002 received the 'have' message from Peer 1001 for the piece 9.

Fri Dec 01 12:05:51 EST 2023 : Peer 1002 received the 'not interested' message from Peer 1001.

Fri Dec 01 12:05:51 EST 2023 : Peer 1002 received the 'interested' message from Peer 1001.

Fri Dec 01 12:05:51 EST 2023 : Peer 1002 received the 'not interested' message from Peer 1001.

Fri Dec 01 12:05:51 EST 2023 : Peer 1002 received the 'interested' message from Peer 1001.

Fri Dec 01 12:05:51 EST 2023 : Peer 1002 received the 'not interested' message from Peer 1001.

Fri Dec 01 12:05:51 EST 2023 : Peer 1002 received the 'not interested' message from Peer 1001.

Fri Dec 01 12:05:51 EST 2023 : Peer 1002 has downloaded the piece 61 from Peer 1003.
Now  the number of pieces it has is 80

Fri Dec 01 12:05:51 EST 2023 : Peer 1002 received the 'not interested' message from Peer 1001.

Fri Dec 01 12:05:51 EST 2023 : Peer 1002 received the 'interested' message from Peer 1001.

Fri Dec 01 12:05:51 EST 2023 : Peer 1002 received the 'not interested' message from Peer 1001.

Fri Dec 01 12:05:51 EST 2023 : Peer 1002 received the 'interested' message from Peer 1001.

Fri Dec 01 12:05:51 EST 2023 : Peer 1002 received the 'interested' message from Peer 1001.

Fri Dec 01 12:05:51 EST 2023 : Peer 1002 received the 'not interested' message from Peer 1001.

Fri Dec 01 12:05:51 EST 2023 : Peer 1002 has downloaded the piece 60 from Peer 1003.
Now  the number of pieces it has is 81

Fri Dec 01 12:05:51 EST 2023 : Peer 1002 has downloaded the piece 125 from Peer 1001.
Now  the number of pieces it has is 82

Fri Dec 01 12:05:51 EST 2023 : Peer 1002 has downloaded the piece 37 from Peer 1003.
Now  the number of pieces it has is 83

Fri Dec 01 12:05:51 EST 2023 : Peer 1002 has downloaded the piece 10 from Peer 1001.
Now  the number of pieces it has is 84

Fri Dec 01 12:05:51 EST 2023 : Peer 1002 has downloaded the piece 22 from Peer 1003.
Now  the number of pieces it has is 85

Fri Dec 01 12:05:51 EST 2023 : Peer 1002 has downloaded the piece 19 from Peer 1001.
Now  the number of pieces it has is 86

Fri Dec 01 12:05:51 EST 2023 : Peer 1002 has downloaded the piece 33 from Peer 1003.
Now  the number of pieces it has is 87

Fri Dec 01 12:05:51 EST 2023 : Peer 1002 has downloaded the piece 54 from Peer 1001.
Now  the number of pieces it has is 88

Fri Dec 01 12:05:51 EST 2023 : Peer 1002 has downloaded the piece 116 from Peer 1003.
Now  the number of pieces it has is 89

Fri Dec 01 12:05:51 EST 2023 : Peer 1002 has downloaded the piece 14 from Peer 1001.
Now  the number of pieces it has is 90

Fri Dec 01 12:05:51 EST 2023 : Peer 1002 has downloaded the piece 5 from Peer 1003.
Now  the number of pieces it has is 91

Fri Dec 01 12:05:51 EST 2023 : Peer 1002 has downloaded the piece 13 from Peer 1001.
Now  the number of pieces it has is 92

Fri Dec 01 12:05:51 EST 2023 : Peer 1002 has downloaded the piece 0 from Peer 1003.
Now  the number of pieces it has is 93

Fri Dec 01 12:05:51 EST 2023 : Peer 1002 has downloaded the piece 132 from Peer 1001.
Now  the number of pieces it has is 94

Fri Dec 01 12:05:51 EST 2023 : Peer 1002 has downloaded the piece 47 from Peer 1003.
Now  the number of pieces it has is 95

Fri Dec 01 12:05:51 EST 2023 : Peer 1002 has downloaded the piece 9 from Peer 1001.
Now  the number of pieces it has is 96

Fri Dec 01 12:05:51 EST 2023 : Peer 1002 received the 'have' message from Peer 1001 for the piece 33.

Fri Dec 01 12:05:51 EST 2023 : Peer 1002 received the 'have' message from Peer 1001 for the piece 117.

Fri Dec 01 12:05:51 EST 2023 : Peer 1002 received the 'have' message from Peer 1001 for the piece 116.

Fri Dec 01 12:05:51 EST 2023 : Peer 1002 received the 'have' message from Peer 1001 for the piece 42.

Fri Dec 01 12:05:51 EST 2023 : Peer 1002 received the 'have' message from Peer 1001 for the piece 40.

Fri Dec 01 12:05:51 EST 2023 : Peer 1002 received the 'have' message from Peer 1001 for the piece 70.

Fri Dec 01 12:05:51 EST 2023 : Peer 1002 has downloaded the piece 99 from Peer 1003.
Now  the number of pieces it has is 97

Fri Dec 01 12:05:51 EST 2023 : Peer 1002 has downloaded the piece 53 from Peer 1003.
Now  the number of pieces it has is 98

Fri Dec 01 12:05:51 EST 2023 : Peer 1002 has downloaded the piece 71 from Peer 1003.
Now  the number of pieces it has is 99

Fri Dec 01 12:05:51 EST 2023 : Peer 1002 received the 'have' message from Peer 1001 for the piece 80.

Fri Dec 01 12:05:51 EST 2023 : Peer 1002 received the 'have' message from Peer 1001 for the piece 53.

Fri Dec 01 12:05:51 EST 2023 : Peer 1002 received the 'have' message from Peer 1001 for the piece 113.

Fri Dec 01 12:05:51 EST 2023 : Peer 1002 received the 'have' message from Peer 1001 for the piece 82.

Fri Dec 01 12:05:51 EST 2023 : Peer 1002 received the 'have' message from Peer 1001 for the piece 18.

Fri Dec 01 12:05:51 EST 2023 : Peer 1002 received the 'have' message from Peer 1001 for the piece 44.

Fri Dec 01 12:05:51 EST 2023 : Peer 1002 has downloaded the piece 107 from Peer 1003.
Now  the number of pieces it has is 100

Fri Dec 01 12:05:51 EST 2023 : Peer 1002 received the 'not interested' message from Peer 1001.

Fri Dec 01 12:05:51 EST 2023 : Peer 1002 received the 'not interested' message from Peer 1001.

Fri Dec 01 12:05:51 EST 2023 : Peer 1002 received the 'interested' message from Peer 1001.

Fri Dec 01 12:05:51 EST 2023 : Peer 1002 received the 'not interested' message from Peer 1001.

Fri Dec 01 12:05:51 EST 2023 : Peer 1002 received the 'interested' message from Peer 1001.

Fri Dec 01 12:05:51 EST 2023 : Peer 1002 received the 'not interested' message from Peer 1001.

Fri Dec 01 12:05:51 EST 2023 : Peer 1002 received the 'not interested' message from Peer 1001.

Fri Dec 01 12:05:51 EST 2023 : Peer 1002 received the 'not interested' message from Peer 1001.

Fri Dec 01 12:05:51 EST 2023 : Peer 1002 has downloaded the piece 1 from Peer 1003.
Now  the number of pieces it has is 101

Fri Dec 01 12:05:51 EST 2023 : Peer 1002 received the 'interested' message from Peer 1001.

Fri Dec 01 12:05:51 EST 2023 : Peer 1002 received the 'not interested' message from Peer 1001.

Fri Dec 01 12:05:51 EST 2023 : Peer 1002 received the 'not interested' message from Peer 1001.

Fri Dec 01 12:05:51 EST 2023 : Peer 1002 received the 'interested' message from Peer 1001.

Fri Dec 01 12:05:51 EST 2023 : Peer 1002 received the 'interested' message from Peer 1001.

Fri Dec 01 12:05:51 EST 2023 : Peer 1002 has downloaded the piece 24 from Peer 1003.
Now  the number of pieces it has is 102

Fri Dec 01 12:05:51 EST 2023 : Peer 1002 has downloaded the piece 82 from Peer 1001.
Now  the number of pieces it has is 103

Fri Dec 01 12:05:51 EST 2023 : Peer 1002 has downloaded the piece 48 from Peer 1003.
Now  the number of pieces it has is 104

Fri Dec 01 12:05:51 EST 2023 : Peer 1002 has downloaded the piece 44 from Peer 1001.
Now  the number of pieces it has is 105

Fri Dec 01 12:05:51 EST 2023 : Peer 1002 has downloaded the piece 18 from Peer 1003.
Now  the number of pieces it has is 106

Fri Dec 01 12:05:51 EST 2023 : Peer 1002 has downloaded the piece 42 from Peer 1001.
Now  the number of pieces it has is 107

Fri Dec 01 12:05:51 EST 2023 : Peer 1002 has downloaded the piece 76 from Peer 1003.
Now  the number of pieces it has is 108

Fri Dec 01 12:05:51 EST 2023 : Peer 1002 has downloaded the piece 40 from Peer 1001.
Now  the number of pieces it has is 109

Fri Dec 01 12:05:51 EST 2023 : Peer 1002 has downloaded the piece 55 from Peer 1003.
Now  the number of pieces it has is 110

Fri Dec 01 12:05:51 EST 2023 : Peer 1002 has downloaded the piece 117 from Peer 1001.
Now  the number of pieces it has is 111

Fri Dec 01 12:05:51 EST 2023 : Peer 1002 received the 'have' message from Peer 1001 for the piece 71.

Fri Dec 01 12:05:51 EST 2023 : Peer 1002 received the 'have' message from Peer 1001 for the piece 107.

Fri Dec 01 12:05:51 EST 2023 : Peer 1002 received the 'have' message from Peer 1001 for the piece 127.

Fri Dec 01 12:05:51 EST 2023 : Peer 1002 has downloaded the piece 30 from Peer 1003.
Now  the number of pieces it has is 112

Fri Dec 01 12:05:51 EST 2023 : Peer 1002 received the 'have' message from Peer 1001 for the piece 119.

Fri Dec 01 12:05:51 EST 2023 : Peer 1002 received the 'have' message from Peer 1001 for the piece 46.

Fri Dec 01 12:05:51 EST 2023 : Peer 1002 received the 'have' message from Peer 1001 for the piece 83.

Fri Dec 01 12:05:51 EST 2023 : Peer 1002 received the 'have' message from Peer 1001 for the piece 50.

Fri Dec 01 12:05:51 EST 2023 : Peer 1002 has downloaded the piece 131 from Peer 1003.
Now  the number of pieces it has is 113

Fri Dec 01 12:05:51 EST 2023 : Peer 1002 has downloaded the piece 35 from Peer 1003.
Now  the number of pieces it has is 114

Fri Dec 01 12:05:51 EST 2023 : Peer 1002 has downloaded the piece 6 from Peer 1003.
Now  the number of pieces it has is 115

Fri Dec 01 12:05:51 EST 2023 : Peer 1002 has downloaded the piece 90 from Peer 1003.
Now  the number of pieces it has is 116

Fri Dec 01 12:05:51 EST 2023 : Peer 1002 has downloaded the piece 83 from Peer 1003.
Now  the number of pieces it has is 117

Fri Dec 01 12:05:51 EST 2023 : Peer 1002 has downloaded the piece 12 from Peer 1003.
Now  the number of pieces it has is 118

Fri Dec 01 12:05:51 EST 2023 : Peer 1002 has downloaded the piece 27 from Peer 1003.
Now  the number of pieces it has is 119

Fri Dec 01 12:05:51 EST 2023 : Peer 1002 has downloaded the piece 130 from Peer 1003.
Now  the number of pieces it has is 120

Fri Dec 01 12:05:51 EST 2023 : Peer 1002 has downloaded the piece 114 from Peer 1003.
Now  the number of pieces it has is 121

Fri Dec 01 12:05:51 EST 2023 : Peer 1002 has downloaded the piece 126 from Peer 1003.
Now  the number of pieces it has is 122

Fri Dec 01 12:05:51 EST 2023 : Peer 1002 has downloaded the piece 67 from Peer 1003.
Now  the number of pieces it has is 123

Fri Dec 01 12:05:51 EST 2023 : Peer 1002 received the 'not interested' message from Peer 1001.

Fri Dec 01 12:05:51 EST 2023 : Peer 1002 received the 'not interested' message from Peer 1001.

Fri Dec 01 12:05:51 EST 2023 : Peer 1002 received the 'interested' message from Peer 1001.

Fri Dec 01 12:05:51 EST 2023 : Peer 1002 has downloaded the piece 57 from Peer 1003.
Now  the number of pieces it has is 124

Fri Dec 01 12:05:51 EST 2023 : Peer 1002 received the 'not interested' message from Peer 1001.

Fri Dec 01 12:05:51 EST 2023 : Peer 1002 received the 'interested' message from Peer 1001.

Fri Dec 01 12:05:51 EST 2023 : Peer 1002 received the 'not interested' message from Peer 1001.

Fri Dec 01 12:05:51 EST 2023 : Peer 1002 received the 'not interested' message from Peer 1001.

Fri Dec 01 12:05:51 EST 2023 : Peer 1002 received the 'not interested' message from Peer 1001.

Fri Dec 01 12:05:51 EST 2023 : Peer 1002 received the 'interested' message from Peer 1001.

Fri Dec 01 12:05:51 EST 2023 : Peer 1002 received the 'interested' message from Peer 1001.

Fri Dec 01 12:05:51 EST 2023 : Peer 1002 received the 'not interested' message from Peer 1001.

Fri Dec 01 12:05:51 EST 2023 : Peer 1002 received the 'not interested' message from Peer 1001.

Fri Dec 01 12:05:51 EST 2023 : Peer 1002 received the 'interested' message from Peer 1001.

Fri Dec 01 12:05:51 EST 2023 : Peer 1002 has downloaded the piece 104 from Peer 1003.
Now  the number of pieces it has is 125

Fri Dec 01 12:05:51 EST 2023 : Peer 1002 received the 'not interested' message from Peer 1001.

Fri Dec 01 12:05:51 EST 2023 : Peer 1002 received the 'not interested' message from Peer 1001.

Fri Dec 01 12:05:51 EST 2023 : Peer 1002 received the 'not interested' message from Peer 1001.

Fri Dec 01 12:05:51 EST 2023 : Peer 1002 received the 'interested' message from Peer 1001.

Fri Dec 01 12:05:51 EST 2023 : Peer 1002 received the 'not interested' message from Peer 1001.

Fri Dec 01 12:05:51 EST 2023 : Peer 1002 received the 'interested' message from Peer 1001.

Fri Dec 01 12:05:51 EST 2023 : Peer 1002 received the 'interested' message from Peer 1001.

Fri Dec 01 12:05:51 EST 2023 : Peer 1002 received the 'have' message from Peer 1001 for the piece 114.

Fri Dec 01 12:05:51 EST 2023 : Peer 1002 received the 'have' message from Peer 1001 for the piece 99.

Fri Dec 01 12:05:51 EST 2023 : Peer 1002 received the 'have' message from Peer 1001 for the piece 92.

Fri Dec 01 12:05:51 EST 2023 : Peer 1002 has downloaded the piece 2 from Peer 1003.
Now  the number of pieces it has is 126

Fri Dec 01 12:05:51 EST 2023 : Peer 1002 received the 'have' message from Peer 1001 for the piece 78.

Fri Dec 01 12:05:51 EST 2023 : Peer 1002 received the 'have' message from Peer 1001 for the piece 5.

Fri Dec 01 12:05:51 EST 2023 : Peer 1002 received the 'have' message from Peer 1001 for the piece 101.

Fri Dec 01 12:05:51 EST 2023 : Peer 1002 received the 'have' message from Peer 1001 for the piece 79.

Fri Dec 01 12:05:51 EST 2023 : Peer 1002 received the 'have' message from Peer 1001 for the piece 27.

Fri Dec 01 12:05:51 EST 2023 : Peer 1002 received the 'have' message from Peer 1001 for the piece 48.

Fri Dec 01 12:05:51 EST 2023 : Peer 1002 received the 'have' message from Peer 1001 for the piece 0.

Fri Dec 01 12:05:51 EST 2023 : Peer 1002 received the 'have' message from Peer 1001 for the piece 131.

Fri Dec 01 12:05:51 EST 2023 : Peer 1002 received the 'have' message from Peer 1001 for the piece 96.

Fri Dec 01 12:05:51 EST 2023 : Peer 1002 has downloaded the piece 95 from Peer 1003.
Now  the number of pieces it has is 127

Fri Dec 01 12:05:51 EST 2023 : Peer 1002 received the 'have' message from Peer 1001 for the piece 29.

Fri Dec 01 12:05:51 EST 2023 : Peer 1002 received the 'have' message from Peer 1001 for the piece 37.

Fri Dec 01 12:05:51 EST 2023 : Peer 1002 received the 'have' message from Peer 1001 for the piece 95.

Fri Dec 01 12:05:51 EST 2023 : Peer 1002 has downloaded the piece 102 from Peer 1003.
Now  the number of pieces it has is 128

Fri Dec 01 12:05:51 EST 2023 : Peer 1002 has downloaded the piece 101 from Peer 1003.
Now  the number of pieces it has is 129

Fri Dec 01 12:05:51 EST 2023 : Peer 1002 has downloaded the piece 63 from Peer 1003.
Now  the number of pieces it has is 130

Fri Dec 01 12:05:51 EST 2023 : Peer 1002 has downloaded the piece 32 from Peer 1003.
Now  the number of pieces it has is 131

Fri Dec 01 12:05:51 EST 2023 : Peer 1002 has downloaded the piece 46 from Peer 1003.
Now  the number of pieces it has is 132

Fri Dec 01 12:05:51 EST 2023 : Peer 1002 has downloaded the piece 29 from Peer 1003.
Now  the number of pieces it has is 133

Fri Dec 01 12:05:51 EST 2023 : Peer 1002 received the 'not interested' message from Peer 1001.

Fri Dec 01 12:05:51 EST 2023 : Peer 1002 received the 'not interested' message from Peer 1001.

Fri Dec 01 12:05:51 EST 2023 : Peer 1002 received the 'not interested' message from Peer 1001.

Fri Dec 01 12:05:51 EST 2023 : Peer 1002 received the 'not interested' message from Peer 1001.

Fri Dec 01 12:05:51 EST 2023 : Peer 1002 received the 'not interested' message from Peer 1001.

Fri Dec 01 12:05:51 EST 2023 : Peer 1002 received the 'interested' message from Peer 1001.

Fri Dec 01 12:05:51 EST 2023 : Peer 1002 received the 'interested' message from Peer 1001.

Fri Dec 01 12:05:51 EST 2023 : Peer 1002 received the 'not interested' message from Peer 1001.

Fri Dec 01 12:05:51 EST 2023 : Peer 1002 has downloaded the piece 91 from Peer 1003.
Now  the number of pieces it has is 134

Fri Dec 01 12:05:51 EST 2023 : Peer 1002 received the 'not interested' message from Peer 1001.

Fri Dec 01 12:05:51 EST 2023 : Peer 1002 received the 'not interested' message from Peer 1001.

Fri Dec 01 12:05:51 EST 2023 : Peer 1002 received the 'have' message from Peer 1001 for the piece 55.

Fri Dec 01 12:05:51 EST 2023 : Peer 1002 received the 'have' message from Peer 1001 for the piece 104.

Fri Dec 01 12:05:51 EST 2023 : Peer 1002 received the 'not interested' message from Peer 1003.

Fri Dec 01 12:05:51 EST 2023 : Peer 1002 received the 'have' message from Peer 1001 for the piece 75.

Fri Dec 01 12:05:51 EST 2023 : Peer 1002 received the 'not interested' message from Peer 1003.

Fri Dec 01 12:05:51 EST 2023 : Peer 1002 received the 'have' message from Peer 1001 for the piece 126.

Fri Dec 01 12:05:51 EST 2023 : Peer 1002 received the 'not interested' message from Peer 1003.

Fri Dec 01 12:05:51 EST 2023 : Peer 1002 received the 'have' message from Peer 1001 for the piece 102.

Fri Dec 01 12:05:51 EST 2023 : Peer 1002 received the 'have' message from Peer 1001 for the piece 76.

Fri Dec 01 12:05:51 EST 2023 : Peer 1002 received the 'not interested' message from Peer 1003.

Fri Dec 01 12:05:51 EST 2023 : Peer 1002 received the 'not interested' message from Peer 1003.

Fri Dec 01 12:05:51 EST 2023 : Peer 1002 received the 'have' message from Peer 1001 for the piece 8.

Fri Dec 01 12:05:51 EST 2023 : Peer 1002 received the 'not interested' message from Peer 1003.

Fri Dec 01 12:05:51 EST 2023 : Peer 1002 received the 'have' message from Peer 1001 for the piece 25.

Fri Dec 01 12:05:51 EST 2023 : Peer 1002 received the 'not interested' message from Peer 1003.

Fri Dec 01 12:05:51 EST 2023 : Peer 1002 received the 'not interested' message from Peer 1003.

Fri Dec 01 12:05:51 EST 2023 : Peer 1002 received the 'not interested' message from Peer 1003.

Fri Dec 01 12:05:51 EST 2023 : Peer 1002 received the 'not interested' message from Peer 1003.

Fri Dec 01 12:05:51 EST 2023 : Peer 1002 received the 'have' message from Peer 1001 for the piece 63.

Fri Dec 01 12:05:51 EST 2023 : Peer 1002 received the 'not interested' message from Peer 1003.

Fri Dec 01 12:05:51 EST 2023 : Peer 1002 received the 'not interested' message from Peer 1003.

Fri Dec 01 12:05:51 EST 2023 : Peer 1002 received the 'not interested' message from Peer 1003.

Fri Dec 01 12:05:51 EST 2023 : Peer 1002 received the 'not interested' message from Peer 1003.

Fri Dec 01 12:05:51 EST 2023 : Peer 1002 received the 'not interested' message from Peer 1003.

Fri Dec 01 12:05:51 EST 2023 : Peer 1002 received the 'not interested' message from Peer 1003.

Fri Dec 01 12:05:51 EST 2023 : Peer 1002 received the 'not interested' message from Peer 1003.

Fri Dec 01 12:05:51 EST 2023 : Peer 1002 received the 'not interested' message from Peer 1003.

Fri Dec 01 12:05:51 EST 2023 : Peer 1002 received the 'have' message from Peer 1001 for the piece 24.

Fri Dec 01 12:05:51 EST 2023 : Peer 1002 received the 'not interested' message from Peer 1003.

Fri Dec 01 12:05:51 EST 2023 : Peer 1002 received the 'not interested' message from Peer 1003.

Fri Dec 01 12:05:51 EST 2023 : Peer 1002 received the 'not interested' message from Peer 1003.

Fri Dec 01 12:05:51 EST 2023 : Peer 1002 received the 'not interested' message from Peer 1003.

Fri Dec 01 12:05:51 EST 2023 : Peer 1002 received the 'not interested' message from Peer 1003.

Fri Dec 01 12:05:51 EST 2023 : Peer 1002 received the 'not interested' message from Peer 1003.

Fri Dec 01 12:05:51 EST 2023 : Peer 1002 received the 'not interested' message from Peer 1003.

Fri Dec 01 12:05:51 EST 2023 : Peer 1002 received the 'not interested' message from Peer 1003.

Fri Dec 01 12:05:51 EST 2023 : Peer 1002 received the 'have' message from Peer 1001 for the piece 22.

Fri Dec 01 12:05:51 EST 2023 : Peer 1002 received the 'not interested' message from Peer 1003.

Fri Dec 01 12:05:51 EST 2023 : Peer 1002 received the 'not interested' message from Peer 1003.

Fri Dec 01 12:05:51 EST 2023 : Peer 1002 received the 'not interested' message from Peer 1003.

Fri Dec 01 12:05:51 EST 2023 : Peer 1002 received the 'not interested' message from Peer 1003.

Fri Dec 01 12:05:51 EST 2023 : Peer 1002 received the 'not interested' message from Peer 1003.

Fri Dec 01 12:05:51 EST 2023 : Peer 1002 received the 'not interested' message from Peer 1003.

Fri Dec 01 12:05:51 EST 2023 : Peer 1002 received the 'not interested' message from Peer 1003.

Fri Dec 01 12:05:51 EST 2023 : Peer 1002 received the 'have' message from Peer 1001 for the piece 32.

Fri Dec 01 12:05:51 EST 2023 : Peer 1002 received the 'not interested' message from Peer 1003.

Fri Dec 01 12:05:51 EST 2023 : Peer 1002 received the 'not interested' message from Peer 1003.

Fri Dec 01 12:05:51 EST 2023 : Peer 1002 received the 'not interested' message from Peer 1003.

Fri Dec 01 12:05:51 EST 2023 : Peer 1002 received the 'not interested' message from Peer 1003.

Fri Dec 01 12:05:51 EST 2023 : Peer 1002 received the 'not interested' message from Peer 1003.

Fri Dec 01 12:05:51 EST 2023 : Peer 1002 received the 'not interested' message from Peer 1003.

Fri Dec 01 12:05:51 EST 2023 : Peer 1002 received the 'not interested' message from Peer 1003.

Fri Dec 01 12:05:51 EST 2023 : Peer 1002 has downloaded the complete file.

Fri Dec 01 12:05:51 EST 2023 : Peer 1002 has downloaded the complete file.

